2026-07-14 14:00:34,697 [INFO] [MainThread] [root/log.py:104]: YASB v2.0.5
2026-07-14 14:00:34,712 [INFO] [CLIPipeServer] [cli_server/cli_server.py:216]: CLI server started v1.1.7
2026-07-14 14:00:34,712 [INFO] [MainThread] [cli_server/cli_server.py:106]: Log pipe server started
2026-07-14 14:00:43,449 [INFO] [MainThread] [root/welcome.py:867]: Created config file at C:\Users\Admin\.config\yasb\config.yaml
2026-07-14 14:00:43,451 [INFO] [MainThread] [root/welcome.py:876]: Created styles file at C:\Users\Admin\.config\yasb\styles.css
2026-07-14 14:00:44,166 [INFO] [MainThread] [root/service.py:52]: AudioOutputService starting...
2026-07-14 14:00:44,483 [INFO] [MainThread] [root/bar_manager.py:103]: Starting SystemEventListener...
2026-07-14 14:00:44,484 [INFO] [MainThread] [root/bar_manager.py:103]: Starting WindowsNotificationEventListener...
2026-07-14 14:00:44,507 [INFO] [MainThread] [root/watcher.py:65]: Watching directory: c:\users\admin\.config\yasb
2026-07-14 14:00:44,508 [INFO] [MainThread] [root/watcher.py:104]: Created file watcher
2026-07-14 14:02:12,045 [INFO] [MainThread] [root/log.py:104]: YASB v2.0.5
2026-07-14 14:02:12,045 [INFO] [CLIPipeServer] [cli_server/cli_server.py:216]: CLI server started v1.1.7
2026-07-14 14:02:12,046 [INFO] [MainThread] [cli_server/cli_server.py:106]: Log pipe server started
2026-07-14 14:02:12,046 [ERROR] [MainThread] [root/main.py:77]: Another instance of the YASB is already running.
2026-07-14 14:03:25,578 [INFO] [MainThread] [root/log.py:104]: YASB v2.0.5
2026-07-14 14:03:25,579 [INFO] [CLIPipeServer] [cli_server/cli_server.py:216]: CLI server started v1.1.7
2026-07-14 14:03:25,579 [INFO] [MainThread] [cli_server/cli_server.py:106]: Log pipe server started
2026-07-14 14:03:25,628 [WARNING] [MainThread] [deprecation/deprecation.py:136]: [DEPRECATED] BarAlignment: 'center' - Use 'align' instead.
2026-07-14 14:03:25,628 [WARNING] [MainThread] [deprecation/deprecation.py:136]: [DEPRECATED] BarBlurEffect: 'acrylic' - No longer supported and can be removed from the config.
2026-07-14 14:03:25,689 [WARNING] [MainThread] [deprecation/deprecation.py:136]: [DEPRECATED] HomeConfig: 'distance' - Use 'offset_top' instead.
2026-07-14 14:03:25,689 [WARNING] [MainThread] [deprecation/deprecation.py:136]: [DEPRECATED] HomeConfig: 'container_padding' - Use CSS padding instead.
2026-07-14 14:03:25,755 [WARNING] [MainThread] [deprecation/deprecation.py:136]: [DEPRECATED] KomorebiWorkspacesConfig: 'animation' - Use CSS animations instead.
2026-07-14 14:03:26,071 [WARNING] [MainThread] [deprecation/deprecation.py:136]: [DEPRECATED] CavaConfig: 'container_padding' - Use CSS padding instead.
2026-07-14 14:03:26,381 [WARNING] [MainThread] [deprecation/deprecation.py:140]: [DEPRECATED] VolumeConfig: 'volume_icons' renamed to 'icons' - Use 'icons' with the dictionary format instead.
2026-07-14 14:03:26,394 [INFO] [MainThread] [root/service.py:52]: AudioOutputService starting...
2026-07-14 14:03:26,429 [WARNING] [MainThread] [deprecation/deprecation.py:136]: [DEPRECATED] GroupLabelConfig: 'distance' - Use 'offset_top' instead.
2026-07-14 14:03:26,496 [WARNING] [MainThread] [deprecation/deprecation.py:136]: [DEPRECATED] GalleryConfig: 'lazy_load_delay' - No longer supported and can be removed from the config.
2026-07-14 14:03:26,497 [WARNING] [MainThread] [deprecation/deprecation.py:136]: [DEPRECATED] GalleryConfig: 'enable_cache' - No longer supported and can be removed from the config.
2026-07-14 14:03:26,622 [INFO] [MainThread] [root/bar_manager.py:103]: Starting KomorebiEventListener...
2026-07-14 14:03:26,622 [INFO] [MainThread] [root/bar_manager.py:103]: Starting SystemEventListener...
2026-07-14 14:03:26,626 [INFO] [MainThread] [root/watcher.py:65]: Watching directory: c:\users\admin\.config\yasb
2026-07-14 14:03:26,626 [INFO] [MainThread] [root/watcher.py:104]: Created file watcher
2026-07-14 14:03:26,628 [INFO] [Dummy-7] [root/event_listener.py:54]: Created named pipe yasb-1c6e26e0-7f52-11f1-adb6-4c1d9627caa3
2026-07-14 14:03:27,126 [INFO] [Dummy-7] [root/event_listener.py:147]: Komorebi connected to named pipe: yasb-1c6e26e0-7f52-11f1-adb6-4c1d9627caa3
2026-07-14 14:33:22,612 [INFO] [MainThread] [root/log.py:104]: YASB v2.0.5
2026-07-14 14:33:22,613 [INFO] [CLIPipeServer] [cli_server/cli_server.py:216]: CLI server started v1.1.7
2026-07-14 14:33:22,613 [INFO] [MainThread] [cli_server/cli_server.py:106]: Log pipe server started
2026-07-14 14:33:22,662 [WARNING] [MainThread] [deprecation/deprecation.py:136]: [DEPRECATED] BarAlignment: 'center' - Use 'align' instead.
2026-07-14 14:33:22,662 [WARNING] [MainThread] [deprecation/deprecation.py:136]: [DEPRECATED] BarBlurEffect: 'acrylic' - No longer supported and can be removed from the config.
2026-07-14 14:33:22,710 [WARNING] [MainThread] [deprecation/deprecation.py:136]: [DEPRECATED] KomorebiWorkspacesConfig: 'animation' - Use CSS animations instead.
2026-07-14 14:33:22,722 [WARNING] [MainThread] [deprecation/deprecation.py:136]: [DEPRECATED] ActiveLayoutConfig: 'label_shadow' - Use CSS text-shadow instead.
2026-07-14 14:33:22,863 [WARNING] [MainThread] [deprecation/deprecation.py:136]: [DEPRECATED] CavaConfig: 'container_padding' - Use CSS padding instead.
2026-07-14 14:33:22,935 [WARNING] [MainThread] [deprecation/deprecation.py:140]: [DEPRECATED] VolumeConfig: 'volume_icons' renamed to 'icons' - Use 'icons' with the dictionary format instead.
2026-07-14 14:33:22,950 [INFO] [MainThread] [root/service.py:52]: AudioOutputService starting...
2026-07-14 14:33:23,263 [WARNING] [MainThread] [deprecation/deprecation.py:136]: [DEPRECATED] SystrayWidgetConfig: 'btn_shadow' - Use CSS box-shadow instead.
2026-07-14 14:33:23,298 [WARNING] [MainThread] [deprecation/deprecation.py:136]: [DEPRECATED] GalleryConfig: 'lazy_load_delay' - No longer supported and can be removed from the config.
2026-07-14 14:33:23,298 [WARNING] [MainThread] [deprecation/deprecation.py:136]: [DEPRECATED] GalleryConfig: 'enable_cache' - No longer supported and can be removed from the config.
2026-07-14 14:33:23,681 [INFO] [MainThread] [taskbar_window_manager/window_manager.py:178]: TaskbarWindowManager is starting...
2026-07-14 14:33:23,690 [INFO] [MainThread] [root/bar_manager.py:103]: Starting KomorebiEventListener...
2026-07-14 14:33:23,692 [INFO] [MainThread] [root/watcher.py:65]: Watching directory: c:\users\admin\.config\yasb
2026-07-14 14:33:23,692 [INFO] [MainThread] [root/watcher.py:104]: Created file watcher
2026-07-14 14:33:23,694 [INFO] [Dummy-7] [root/event_listener.py:54]: Created named pipe yasb-4b9108b6-7f56-11f1-9455-4c1d9627caa3
2026-07-14 14:33:23,976 [INFO] [Dummy-7] [root/event_listener.py:147]: Komorebi connected to named pipe: yasb-4b9108b6-7f56-11f1-9455-4c1d9627caa3
2026-07-14 14:33:24,001 [ERROR] [SystrayMonitor] [root/app_icons.py:282]: GetIconInfo failed: 0
2026-07-14 14:38:01,306 [WARNING] [MainThread] [deprecation/deprecation.py:136]: [DEPRECATED] BarAlignment: 'center' - Use 'align' instead.
2026-07-14 14:38:01,307 [WARNING] [MainThread] [deprecation/deprecation.py:136]: [DEPRECATED] BarBlurEffect: 'acrylic' - No longer supported and can be removed from the config.
2026-07-14 14:38:01,339 [INFO] [MainThread] [root/controller.py:21]: Reloading Application because of config change.
2026-07-14 14:38:01,439 [INFO] [MainThread] [cli_server/cli_server.py:114]: Log pipe server stopped
2026-07-14 14:38:01,474 [INFO] [MainThread] [root/bar_manager.py:93]: Successfully loaded updated config and re-initialised all bars.
2026-07-14 14:38:01,595 [INFO] [MainThread] [root/bar_manager.py:119]: Stopping KomorebiEventListener...
2026-07-14 14:38:01,608 [INFO] [MainThread] [taskbar_window_manager/window_manager.py:205]: TaskbarWindowManager stopped
2026-07-14 14:38:03,573 [INFO] [MainThread] [root/log.py:104]: YASB v2.0.5
2026-07-14 14:38:03,601 [INFO] [CLIPipeServer] [cli_server/cli_server.py:216]: CLI server started v1.1.7
2026-07-14 14:38:03,606 [INFO] [MainThread] [cli_server/cli_server.py:106]: Log pipe server started
2026-07-14 14:38:03,737 [WARNING] [MainThread] [deprecation/deprecation.py:136]: [DEPRECATED] BarAlignment: 'center' - Use 'align' instead.
2026-07-14 14:38:03,740 [WARNING] [MainThread] [deprecation/deprecation.py:136]: [DEPRECATED] BarBlurEffect: 'acrylic' - No longer supported and can be removed from the config.
2026-07-14 14:38:03,866 [WARNING] [MainThread] [deprecation/deprecation.py:136]: [DEPRECATED] KomorebiWorkspacesConfig: 'animation' - Use CSS animations instead.
2026-07-14 14:38:03,902 [WARNING] [MainThread] [deprecation/deprecation.py:136]: [DEPRECATED] ActiveLayoutConfig: 'label_shadow' - Use CSS text-shadow instead.
2026-07-14 14:38:04,042 [WARNING] [MainThread] [deprecation/deprecation.py:136]: [DEPRECATED] CavaConfig: 'container_padding' - Use CSS padding instead.
2026-07-14 14:38:04,248 [WARNING] [MainThread] [deprecation/deprecation.py:140]: [DEPRECATED] VolumeConfig: 'volume_icons' renamed to 'icons' - Use 'icons' with the dictionary format instead.
2026-07-14 14:38:04,270 [INFO] [MainThread] [root/service.py:52]: AudioOutputService starting...
2026-07-14 14:38:05,172 [WARNING] [MainThread] [deprecation/deprecation.py:136]: [DEPRECATED] SystrayWidgetConfig: 'btn_shadow' - Use CSS box-shadow instead.
2026-07-14 14:38:05,220 [WARNING] [MainThread] [deprecation/deprecation.py:136]: [DEPRECATED] GalleryConfig: 'lazy_load_delay' - No longer supported and can be removed from the config.
2026-07-14 14:38:05,221 [WARNING] [MainThread] [deprecation/deprecation.py:136]: [DEPRECATED] GalleryConfig: 'enable_cache' - No longer supported and can be removed from the config.
2026-07-14 14:38:05,805 [INFO] [MainThread] [taskbar_window_manager/window_manager.py:178]: TaskbarWindowManager is starting...
2026-07-14 14:38:05,815 [INFO] [MainThread] [root/bar_manager.py:103]: Starting KomorebiEventListener...
2026-07-14 14:38:05,819 [INFO] [MainThread] [root/watcher.py:65]: Watching directory: c:\users\admin\.config\yasb
2026-07-14 14:38:05,819 [INFO] [MainThread] [root/watcher.py:104]: Created file watcher
2026-07-14 14:38:05,819 [INFO] [Dummy-7] [root/event_listener.py:54]: Created named pipe yasb-f3ba16aa-7f56-11f1-8e4a-4c1d9627caa3
2026-07-14 14:38:06,270 [ERROR] [SystrayMonitor] [root/app_icons.py:282]: GetIconInfo failed: 0
2026-07-14 14:38:06,455 [INFO] [Dummy-7] [root/event_listener.py:147]: Komorebi connected to named pipe: yasb-f3ba16aa-7f56-11f1-8e4a-4c1d9627caa3
2026-07-14 14:38:37,138 [INFO] [MainThread] [root/controller.py:43]: Exiting Application...
2026-07-14 14:38:37,243 [INFO] [MainThread] [cli_server/cli_server.py:114]: Log pipe server stopped
2026-07-14 14:38:37,355 [INFO] [MainThread] [root/bar_manager.py:119]: Stopping KomorebiEventListener...
2026-07-14 14:38:37,371 [INFO] [MainThread] [taskbar_window_manager/window_manager.py:205]: TaskbarWindowManager stopped
2026-07-14 14:43:21,146 [INFO] [MainThread] [root/log.py:104]: YASB v2.0.5
2026-07-14 14:43:21,156 [INFO] [CLIPipeServer] [cli_server/cli_server.py:216]: CLI server started v1.1.7
2026-07-14 14:43:21,157 [INFO] [MainThread] [cli_server/cli_server.py:106]: Log pipe server started
2026-07-14 14:43:21,607 [WARNING] [MainThread] [deprecation/deprecation.py:136]: [DEPRECATED] BarAlignment: 'center' - Use 'align' instead.
2026-07-14 14:43:21,607 [WARNING] [MainThread] [deprecation/deprecation.py:136]: [DEPRECATED] BarBlurEffect: 'acrylic' - No longer supported and can be removed from the config.
2026-07-14 14:43:22,143 [WARNING] [MainThread] [deprecation/deprecation.py:136]: [DEPRECATED] KomorebiWorkspacesConfig: 'animation' - Use CSS animations instead.
2026-07-14 14:43:22,284 [WARNING] [MainThread] [deprecation/deprecation.py:136]: [DEPRECATED] ActiveLayoutConfig: 'label_shadow' - Use CSS text-shadow instead.
2026-07-14 14:43:22,436 [WARNING] [MainThread] [deprecation/deprecation.py:136]: [DEPRECATED] CavaConfig: 'container_padding' - Use CSS padding instead.
2026-07-14 14:43:22,947 [WARNING] [MainThread] [deprecation/deprecation.py:140]: [DEPRECATED] VolumeConfig: 'volume_icons' renamed to 'icons' - Use 'icons' with the dictionary format instead.
2026-07-14 14:43:22,983 [INFO] [MainThread] [root/service.py:52]: AudioOutputService starting...
2026-07-14 14:43:25,163 [WARNING] [MainThread] [deprecation/deprecation.py:136]: [DEPRECATED] SystrayWidgetConfig: 'btn_shadow' - Use CSS box-shadow instead.
2026-07-14 14:43:25,244 [WARNING] [MainThread] [deprecation/deprecation.py:136]: [DEPRECATED] GalleryConfig: 'lazy_load_delay' - No longer supported and can be removed from the config.
2026-07-14 14:43:25,245 [WARNING] [MainThread] [deprecation/deprecation.py:136]: [DEPRECATED] GalleryConfig: 'enable_cache' - No longer supported and can be removed from the config.
2026-07-14 14:43:25,655 [INFO] [MainThread] [taskbar_window_manager/window_manager.py:178]: TaskbarWindowManager is starting...
2026-07-14 14:43:25,671 [INFO] [MainThread] [root/bar_manager.py:103]: Starting KomorebiEventListener...
2026-07-14 14:43:25,672 [INFO] [Dummy-5] [root/event_listener.py:54]: Created named pipe yasb-b2600c22-7f57-11f1-b3f3-4c1d9627caa3
2026-07-14 14:43:25,684 [INFO] [MainThread] [root/watcher.py:65]: Watching directory: c:\users\admin\.config\yasb
2026-07-14 14:43:25,684 [INFO] [MainThread] [root/watcher.py:104]: Created file watcher
2026-07-14 14:43:26,026 [INFO] [Dummy-5] [root/event_listener.py:147]: Komorebi connected to named pipe: yasb-b2600c22-7f57-11f1-b3f3-4c1d9627caa3
2026-07-14 14:43:26,387 [ERROR] [SystrayMonitor] [root/app_icons.py:282]: GetIconInfo failed: 0
2026-07-14 14:55:27,021 [INFO] [MainThread] [root/controller.py:43]: Exiting Application...
2026-07-14 14:55:27,134 [INFO] [MainThread] [cli_server/cli_server.py:114]: Log pipe server stopped
2026-07-14 14:55:27,206 [INFO] [MainThread] [root/bar_manager.py:119]: Stopping KomorebiEventListener...
2026-07-14 14:55:27,219 [INFO] [MainThread] [taskbar_window_manager/window_manager.py:205]: TaskbarWindowManager stopped
2026-07-15 06:57:56,384 [INFO] [MainThread] [root/log.py:104]: YASB v2.0.5
2026-07-15 06:57:56,394 [INFO] [CLIPipeServer] [cli_server/cli_server.py:216]: CLI server started v1.1.7
2026-07-15 06:57:56,395 [INFO] [MainThread] [cli_server/cli_server.py:106]: Log pipe server started
2026-07-15 06:57:56,518 [WARNING] [MainThread] [deprecation/deprecation.py:136]: [DEPRECATED] BarAlignment: 'center' - Use 'align' instead.
2026-07-15 06:57:56,518 [WARNING] [MainThread] [deprecation/deprecation.py:136]: [DEPRECATED] BarBlurEffect: 'acrylic' - No longer supported and can be removed from the config.
2026-07-15 06:57:56,734 [WARNING] [MainThread] [deprecation/deprecation.py:136]: [DEPRECATED] KomorebiWorkspacesConfig: 'animation' - Use CSS animations instead.
2026-07-15 06:57:56,747 [WARNING] [MainThread] [deprecation/deprecation.py:136]: [DEPRECATED] ActiveLayoutConfig: 'label_shadow' - Use CSS text-shadow instead.
2026-07-15 06:57:56,909 [WARNING] [MainThread] [deprecation/deprecation.py:136]: [DEPRECATED] CavaConfig: 'container_padding' - Use CSS padding instead.
2026-07-15 06:57:57,202 [WARNING] [MainThread] [deprecation/deprecation.py:140]: [DEPRECATED] VolumeConfig: 'volume_icons' renamed to 'icons' - Use 'icons' with the dictionary format instead.
2026-07-15 06:57:57,221 [INFO] [MainThread] [root/service.py:52]: AudioOutputService starting...
2026-07-15 06:58:00,711 [WARNING] [MainThread] [deprecation/deprecation.py:136]: [DEPRECATED] SystrayWidgetConfig: 'btn_shadow' - Use CSS box-shadow instead.
2026-07-15 06:58:00,781 [WARNING] [MainThread] [deprecation/deprecation.py:136]: [DEPRECATED] GalleryConfig: 'lazy_load_delay' - No longer supported and can be removed from the config.
2026-07-15 06:58:00,782 [WARNING] [MainThread] [deprecation/deprecation.py:136]: [DEPRECATED] GalleryConfig: 'enable_cache' - No longer supported and can be removed from the config.
2026-07-15 06:58:01,022 [INFO] [MainThread] [taskbar_window_manager/window_manager.py:178]: TaskbarWindowManager is starting...
2026-07-15 06:58:01,027 [INFO] [MainThread] [root/bar_manager.py:103]: Starting KomorebiEventListener...
2026-07-15 06:58:01,028 [INFO] [Dummy-6] [root/event_listener.py:54]: Created named pipe yasb-d8674948-7fdf-11f1-8240-4c1d9627caa3
2026-07-15 06:58:01,028 [INFO] [MainThread] [root/watcher.py:65]: Watching directory: c:\users\admin\.config\yasb
2026-07-15 06:58:01,029 [INFO] [MainThread] [root/watcher.py:104]: Created file watcher
2026-07-15 06:58:01,270 [INFO] [Dummy-6] [root/event_listener.py:147]: Komorebi connected to named pipe: yasb-d8674948-7fdf-11f1-8240-4c1d9627caa3
2026-07-15 06:58:01,518 [ERROR] [SystrayMonitor] [root/app_icons.py:282]: GetIconInfo failed: 0
2026-07-15 07:14:25,529 [INFO] [MainThread] [root/controller.py:21]: Reloading Bar from context menu...
2026-07-15 07:14:25,635 [INFO] [MainThread] [cli_server/cli_server.py:114]: Log pipe server stopped
2026-07-15 07:14:25,765 [INFO] [MainThread] [root/bar_manager.py:119]: Stopping KomorebiEventListener...
2026-07-15 07:14:25,772 [INFO] [MainThread] [taskbar_window_manager/window_manager.py:205]: TaskbarWindowManager stopped
2026-07-15 07:14:26,554 [INFO] [MainThread] [root/log.py:104]: YASB v2.0.5
2026-07-15 07:14:26,555 [INFO] [CLIPipeServer] [cli_server/cli_server.py:216]: CLI server started v1.1.7
2026-07-15 07:14:26,555 [INFO] [MainThread] [cli_server/cli_server.py:106]: Log pipe server started
2026-07-15 07:14:27,394 [WARNING] [MainThread] [deprecation/deprecation.py:140]: [DEPRECATED] VolumeConfig: 'volume_icons' renamed to 'icons' - Use 'icons' with the dictionary format instead.
2026-07-15 07:14:27,410 [INFO] [MainThread] [root/service.py:52]: AudioOutputService starting...
2026-07-15 07:14:27,821 [INFO] [MainThread] [root/bar_manager.py:229]: Starting HotkeyListener...
2026-07-15 07:14:27,821 [INFO] [MainThread] [root/bar_manager.py:103]: Starting WindowsNotificationEventListener...
2026-07-15 07:14:27,822 [INFO] [MainThread] [root/bar_manager.py:103]: Starting SystemEventListener...
2026-07-15 07:14:27,822 [INFO] [MainThread] [root/bar_manager.py:103]: Starting KomorebiEventListener...
2026-07-15 07:14:27,824 [INFO] [MainThread] [root/watcher.py:65]: Watching directory: c:\users\admin\.config\yasb
2026-07-15 07:14:27,824 [INFO] [MainThread] [root/watcher.py:104]: Created file watcher
2026-07-15 07:14:27,826 [INFO] [Dummy-9] [root/event_listener.py:54]: Created named pipe yasb-24943404-7fe2-11f1-9659-4c1d9627caa3
2026-07-15 07:14:27,980 [INFO] [Dummy-9] [root/event_listener.py:147]: Komorebi connected to named pipe: yasb-24943404-7fe2-11f1-9659-4c1d9627caa3
2026-07-15 07:14:28,476 [ERROR] [SystrayMonitor] [root/app_icons.py:282]: GetIconInfo failed: 0
2026-07-15 07:16:40,563 [INFO] [MainThread] [root/controller.py:21]: Reloading Application because of config change.
2026-07-15 07:16:40,666 [INFO] [MainThread] [cli_server/cli_server.py:114]: Log pipe server stopped
2026-07-15 07:16:40,671 [INFO] [MainThread] [root/bar_manager.py:93]: Successfully loaded updated config and re-initialised all bars.
2026-07-15 07:16:40,750 [INFO] [MainThread] [root/bar_manager.py:111]: Stopping HotkeyListener...
2026-07-15 07:16:40,756 [INFO] [MainThread] [root/bar_manager.py:119]: Stopping WindowsNotificationEventListener...
2026-07-15 07:16:40,760 [INFO] [MainThread] [root/bar_manager.py:119]: Stopping SystemEventListener...
2026-07-15 07:16:40,764 [INFO] [MainThread] [root/bar_manager.py:119]: Stopping KomorebiEventListener...
2026-07-15 07:16:41,592 [INFO] [MainThread] [root/log.py:104]: YASB v2.0.5
2026-07-15 07:16:41,592 [INFO] [CLIPipeServer] [cli_server/cli_server.py:216]: CLI server started v1.1.7
2026-07-15 07:16:41,592 [INFO] [MainThread] [cli_server/cli_server.py:106]: Log pipe server started
2026-07-15 07:16:42,256 [WARNING] [MainThread] [deprecation/deprecation.py:140]: [DEPRECATED] VolumeConfig: 'volume_icons' renamed to 'icons' - Use 'icons' with the dictionary format instead.
2026-07-15 07:16:42,272 [INFO] [MainThread] [root/service.py:52]: AudioOutputService starting...
2026-07-15 07:16:42,686 [INFO] [MainThread] [root/bar_manager.py:229]: Starting HotkeyListener...
2026-07-15 07:16:42,686 [INFO] [MainThread] [root/bar_manager.py:103]: Starting WindowsNotificationEventListener...
2026-07-15 07:16:42,687 [INFO] [MainThread] [root/bar_manager.py:103]: Starting SystemEventListener...
2026-07-15 07:16:42,687 [INFO] [MainThread] [root/bar_manager.py:103]: Starting KomorebiEventListener...
2026-07-15 07:16:42,689 [INFO] [MainThread] [root/watcher.py:65]: Watching directory: c:\users\admin\.config\yasb
2026-07-15 07:16:42,689 [INFO] [MainThread] [root/watcher.py:104]: Created file watcher
2026-07-15 07:16:42,728 [INFO] [Dummy-10] [root/event_listener.py:54]: Created named pipe yasb-74f708e1-7fe2-11f1-a382-4c1d9627caa3
2026-07-15 07:16:42,935 [INFO] [Dummy-10] [root/event_listener.py:147]: Komorebi connected to named pipe: yasb-74f708e1-7fe2-11f1-a382-4c1d9627caa3
2026-07-15 07:16:43,130 [ERROR] [SystrayMonitor] [root/app_icons.py:282]: GetIconInfo failed: 0
2026-07-15 07:17:06,902 [INFO] [MainThread] [root/controller.py:21]: Reloading Application because of config change.
2026-07-15 07:17:07,017 [INFO] [MainThread] [cli_server/cli_server.py:114]: Log pipe server stopped
2026-07-15 07:17:07,023 [INFO] [MainThread] [root/bar_manager.py:93]: Successfully loaded updated config and re-initialised all bars.
2026-07-15 07:17:07,127 [INFO] [MainThread] [root/bar_manager.py:111]: Stopping HotkeyListener...
2026-07-15 07:17:07,129 [INFO] [MainThread] [root/bar_manager.py:119]: Stopping WindowsNotificationEventListener...
2026-07-15 07:17:07,131 [INFO] [MainThread] [root/bar_manager.py:119]: Stopping SystemEventListener...
2026-07-15 07:17:07,131 [INFO] [MainThread] [root/bar_manager.py:119]: Stopping KomorebiEventListener...
2026-07-15 07:17:07,943 [INFO] [MainThread] [root/log.py:104]: YASB v2.0.5
2026-07-15 07:17:07,943 [INFO] [CLIPipeServer] [cli_server/cli_server.py:216]: CLI server started v1.1.7
2026-07-15 07:17:07,944 [INFO] [MainThread] [cli_server/cli_server.py:106]: Log pipe server started
2026-07-15 07:17:08,616 [WARNING] [MainThread] [deprecation/deprecation.py:140]: [DEPRECATED] VolumeConfig: 'volume_icons' renamed to 'icons' - Use 'icons' with the dictionary format instead.
2026-07-15 07:17:08,631 [INFO] [MainThread] [root/service.py:52]: AudioOutputService starting...
2026-07-15 07:17:08,913 [INFO] [MainThread] [root/bar_manager.py:229]: Starting HotkeyListener...
2026-07-15 07:17:08,913 [INFO] [MainThread] [root/bar_manager.py:103]: Starting WindowsNotificationEventListener...
2026-07-15 07:17:08,913 [INFO] [MainThread] [root/bar_manager.py:103]: Starting SystemEventListener...
2026-07-15 07:17:08,914 [INFO] [MainThread] [root/bar_manager.py:103]: Starting KomorebiEventListener...
2026-07-15 07:17:08,916 [INFO] [MainThread] [root/watcher.py:65]: Watching directory: c:\users\admin\.config\yasb
2026-07-15 07:17:08,916 [INFO] [MainThread] [root/watcher.py:104]: Created file watcher
2026-07-15 07:17:08,922 [INFO] [Dummy-11] [root/event_listener.py:54]: Created named pipe yasb-8498dcce-7fe2-11f1-9082-4c1d9627caa3
2026-07-15 07:17:09,241 [INFO] [Dummy-11] [root/event_listener.py:147]: Komorebi connected to named pipe: yasb-8498dcce-7fe2-11f1-9082-4c1d9627caa3
2026-07-15 07:17:09,436 [ERROR] [SystrayMonitor] [root/app_icons.py:282]: GetIconInfo failed: 0
2026-07-15 07:17:23,832 [ERROR] [Thread-17 (_run_after_command)] [root/wallpaper_manager.py:173]: error: 'wal' is not recognized as an internal or external command,
operable program or batch file.

2026-07-15 07:17:27,497 [ERROR] [Thread-22 (_run_after_command)] [root/wallpaper_manager.py:173]: error: 'wal' is not recognized as an internal or external command,
operable program or batch file.

2026-07-15 07:17:55,201 [INFO] [MainThread] [root/controller.py:21]: Reloading Application because of config change.
2026-07-15 07:17:55,302 [INFO] [MainThread] [cli_server/cli_server.py:114]: Log pipe server stopped
2026-07-15 07:17:55,309 [INFO] [MainThread] [root/bar_manager.py:93]: Successfully loaded updated config and re-initialised all bars.
2026-07-15 07:17:55,407 [INFO] [MainThread] [root/bar_manager.py:111]: Stopping HotkeyListener...
2026-07-15 07:17:55,409 [INFO] [MainThread] [root/bar_manager.py:119]: Stopping WindowsNotificationEventListener...
2026-07-15 07:17:55,416 [INFO] [MainThread] [root/bar_manager.py:119]: Stopping SystemEventListener...
2026-07-15 07:17:55,417 [INFO] [MainThread] [root/bar_manager.py:119]: Stopping KomorebiEventListener...
2026-07-15 07:17:56,290 [INFO] [MainThread] [root/log.py:104]: YASB v2.0.5
2026-07-15 07:17:56,291 [INFO] [CLIPipeServer] [cli_server/cli_server.py:216]: CLI server started v1.1.7
2026-07-15 07:17:56,292 [INFO] [MainThread] [cli_server/cli_server.py:106]: Log pipe server started
2026-07-15 07:17:56,959 [WARNING] [MainThread] [deprecation/deprecation.py:140]: [DEPRECATED] VolumeConfig: 'volume_icons' renamed to 'icons' - Use 'icons' with the dictionary format instead.
2026-07-15 07:17:56,975 [INFO] [MainThread] [root/service.py:52]: AudioOutputService starting...
2026-07-15 07:17:57,212 [INFO] [MainThread] [root/bar_manager.py:229]: Starting HotkeyListener...
2026-07-15 07:17:57,212 [INFO] [MainThread] [root/bar_manager.py:103]: Starting KomorebiEventListener...
2026-07-15 07:17:57,213 [INFO] [MainThread] [root/bar_manager.py:103]: Starting WindowsNotificationEventListener...
2026-07-15 07:17:57,213 [INFO] [MainThread] [root/bar_manager.py:103]: Starting SystemEventListener...
2026-07-15 07:17:57,215 [INFO] [MainThread] [root/watcher.py:65]: Watching directory: c:\users\admin\.config\yasb
2026-07-15 07:17:57,215 [INFO] [MainThread] [root/watcher.py:104]: Created file watcher
2026-07-15 07:17:57,215 [INFO] [Dummy-10] [root/event_listener.py:54]: Created named pipe yasb-a162afb0-7fe2-11f1-bb22-4c1d9627caa3
2026-07-15 07:17:57,587 [INFO] [Dummy-10] [root/event_listener.py:147]: Komorebi connected to named pipe: yasb-a162afb0-7fe2-11f1-bb22-4c1d9627caa3
2026-07-15 07:17:57,717 [ERROR] [SystrayMonitor] [root/app_icons.py:282]: GetIconInfo failed: 0
2026-07-15 07:24:57,455 [ERROR] [Thread-17 (_run_after_command)] [root/wallpaper_manager.py:173]: error: 'wal' is not recognized as an internal or external command,
operable program or batch file.

2026-07-15 07:25:05,225 [ERROR] [Thread-22 (_run_after_command)] [root/wallpaper_manager.py:173]: error: 'wal' is not recognized as an internal or external command,
operable program or batch file.

2026-07-15 07:34:34,699 [INFO] [MainThread] [root/service.py:212]: Quick Launch rebuilding app list after install/uninstall detected
2026-07-15 07:37:37,155 [ERROR] [Thread-30 (_run_after_command)] [root/wallpaper_manager.py:173]: error: 'wal' is not recognized as an internal or external command,
operable program or batch file.

2026-07-15 07:38:32,112 [INFO] [MainThread] [root/log.py:104]: YASB v2.0.5
2026-07-15 07:38:32,112 [INFO] [CLIPipeServer] [cli_server/cli_server.py:216]: CLI server started v1.1.7
2026-07-15 07:38:32,112 [INFO] [MainThread] [cli_server/cli_server.py:106]: Log pipe server started
2026-07-15 07:38:32,781 [WARNING] [MainThread] [deprecation/deprecation.py:140]: [DEPRECATED] VolumeConfig: 'volume_icons' renamed to 'icons' - Use 'icons' with the dictionary format instead.
2026-07-15 07:38:32,797 [INFO] [MainThread] [root/service.py:52]: AudioOutputService starting...
2026-07-15 07:38:32,952 [INFO] [MainThread] [root/bar_manager.py:229]: Starting HotkeyListener...
2026-07-15 07:38:32,952 [INFO] [MainThread] [root/bar_manager.py:103]: Starting WindowsNotificationEventListener...
2026-07-15 07:38:32,953 [INFO] [MainThread] [root/bar_manager.py:103]: Starting KomorebiEventListener...
2026-07-15 07:38:32,953 [INFO] [MainThread] [root/bar_manager.py:103]: Starting SystemEventListener...
2026-07-15 07:38:32,954 [INFO] [Dummy-9] [root/event_listener.py:54]: Created named pipe yasb-81f1a934-7fe5-11f1-92b7-4c1d9627caa3
2026-07-15 07:38:32,955 [INFO] [MainThread] [root/watcher.py:65]: Watching directory: c:\users\admin\.config\yasb
2026-07-15 07:38:32,955 [INFO] [MainThread] [root/watcher.py:104]: Created file watcher
2026-07-15 07:38:33,163 [INFO] [Dummy-9] [root/event_listener.py:147]: Komorebi connected to named pipe: yasb-81f1a934-7fe5-11f1-92b7-4c1d9627caa3
2026-07-15 07:38:33,257 [ERROR] [SystrayMonitor] [root/app_icons.py:282]: GetIconInfo failed: 0
2026-07-15 07:39:21,989 [ERROR] [Thread-17 (_run_after_command)] [root/wallpaper_manager.py:173]: error: 'wal' is not recognized as an internal or external command,
operable program or batch file.

2026-07-15 07:42:35,165 [INFO] [MainThread] [root/service.py:212]: Quick Launch rebuilding app list after install/uninstall detected
2026-07-15 07:42:44,727 [INFO] [MainThread] [root/service.py:212]: Quick Launch rebuilding app list after install/uninstall detected
2026-07-15 07:43:53,804 [ERROR] [Thread-28 (_run_after_command)] [root/wallpaper_manager.py:173]: error: 'wal' is not recognized as an internal or external command,
operable program or batch file.

2026-07-15 07:44:03,595 [ERROR] [Thread-33 (_run_after_command)] [root/wallpaper_manager.py:173]: error: 'wal' is not recognized as an internal or external command,
operable program or batch file.

2026-07-15 08:06:42,375 [ERROR] [Thread-38 (_run_after_command)] [root/wallpaper_manager.py:173]: error: 'wal' is not recognized as an internal or external command,
operable program or batch file.

2026-07-15 08:06:45,189 [ERROR] [Thread-43 (_run_after_command)] [root/wallpaper_manager.py:173]: error: 'wal' is not recognized as an internal or external command,
operable program or batch file.

2026-07-15 08:06:51,197 [ERROR] [Thread-48 (_run_after_command)] [root/wallpaper_manager.py:173]: error: 'wal' is not recognized as an internal or external command,
operable program or batch file.

2026-07-15 08:07:00,739 [INFO] [MainThread] [root/service.py:212]: Quick Launch rebuilding app list after install/uninstall detected
2026-07-15 08:07:27,870 [ERROR] [Thread-56 (_run_after_command)] [root/wallpaper_manager.py:173]: error: 'wal' is not recognized as an internal or external command,
operable program or batch file.

2026-07-15 08:07:31,565 [ERROR] [Thread-61 (_run_after_command)] [root/wallpaper_manager.py:173]: error: 'wal' is not recognized as an internal or external command,
operable program or batch file.

2026-07-15 08:17:06,403 [ERROR] [Thread-66 (_run_after_command)] [root/wallpaper_manager.py:173]: error: 'wal' is not recognized as an internal or external command,
operable program or batch file.

2026-07-15 08:26:29,342 [INFO] [MainThread] [root/controller.py:43]: Exiting Application...
2026-07-15 08:26:29,455 [INFO] [MainThread] [cli_server/cli_server.py:114]: Log pipe server stopped
2026-07-15 08:26:29,793 [INFO] [MainThread] [root/bar_manager.py:111]: Stopping HotkeyListener...
2026-07-15 08:26:29,919 [INFO] [MainThread] [root/bar_manager.py:119]: Stopping WindowsNotificationEventListener...
2026-07-15 08:26:29,921 [INFO] [MainThread] [root/bar_manager.py:119]: Stopping KomorebiEventListener...
2026-07-15 08:26:29,922 [INFO] [MainThread] [root/bar_manager.py:119]: Stopping SystemEventListener...
2026-07-15 08:28:39,662 [INFO] [MainThread] [root/log.py:104]: YASB v2.0.5
2026-07-15 08:28:39,669 [INFO] [CLIPipeServer] [cli_server/cli_server.py:216]: CLI server started v1.1.7
2026-07-15 08:28:39,681 [INFO] [MainThread] [cli_server/cli_server.py:106]: Log pipe server started
2026-07-15 08:28:53,672 [WARNING] [MainThread] [deprecation/deprecation.py:140]: [DEPRECATED] VolumeConfig: 'volume_icons' renamed to 'icons' - Use 'icons' with the dictionary format instead.
2026-07-15 08:28:53,686 [INFO] [MainThread] [root/service.py:52]: AudioOutputService starting...
2026-07-15 08:29:00,308 [INFO] [MainThread] [root/bar_manager.py:229]: Starting HotkeyListener...
2026-07-15 08:29:00,308 [INFO] [MainThread] [root/bar_manager.py:103]: Starting WindowsNotificationEventListener...
2026-07-15 08:29:00,308 [INFO] [MainThread] [root/bar_manager.py:103]: Starting KomorebiEventListener...
2026-07-15 08:29:00,308 [INFO] [MainThread] [root/bar_manager.py:103]: Starting SystemEventListener...
2026-07-15 08:29:00,309 [INFO] [Dummy-8] [root/event_listener.py:54]: Created named pipe yasb-8e636ba4-7fec-11f1-be7b-4c1d9627caa3
2026-07-15 08:29:00,338 [INFO] [MainThread] [root/watcher.py:65]: Watching directory: c:\users\admin\.config\yasb
2026-07-15 08:29:00,338 [INFO] [MainThread] [root/watcher.py:104]: Created file watcher
2026-07-15 08:31:13,466 [INFO] [MainThread] [root/service.py:212]: Quick Launch rebuilding app list after install/uninstall detected
2026-07-15 08:31:57,358 [INFO] [MainThread] [root/log.py:104]: YASB v2.0.5
2026-07-15 08:31:57,358 [INFO] [CLIPipeServer] [cli_server/cli_server.py:216]: CLI server started v1.1.7
2026-07-15 08:31:57,358 [INFO] [MainThread] [cli_server/cli_server.py:106]: Log pipe server started
2026-07-15 08:31:57,359 [ERROR] [MainThread] [root/main.py:77]: Another instance of the YASB is already running.
2026-07-15 08:32:16,507 [INFO] [MainThread] [root/log.py:104]: YASB v2.0.5
2026-07-15 08:32:16,507 [INFO] [CLIPipeServer] [cli_server/cli_server.py:216]: CLI server started v1.1.7
2026-07-15 08:32:16,508 [INFO] [MainThread] [cli_server/cli_server.py:106]: Log pipe server started
2026-07-15 08:32:16,508 [ERROR] [MainThread] [root/main.py:77]: Another instance of the YASB is already running.
2026-07-15 08:32:43,987 [INFO] [MainThread] [root/log.py:104]: YASB v2.0.5
2026-07-15 08:32:43,988 [INFO] [CLIPipeServer] [cli_server/cli_server.py:216]: CLI server started v1.1.7
2026-07-15 08:32:43,988 [INFO] [MainThread] [cli_server/cli_server.py:106]: Log pipe server started
2026-07-15 08:32:44,649 [WARNING] [MainThread] [deprecation/deprecation.py:140]: [DEPRECATED] VolumeConfig: 'volume_icons' renamed to 'icons' - Use 'icons' with the dictionary format instead.
2026-07-15 08:32:44,665 [INFO] [MainThread] [root/service.py:52]: AudioOutputService starting...
2026-07-15 08:32:44,870 [INFO] [MainThread] [root/bar_manager.py:229]: Starting HotkeyListener...
2026-07-15 08:32:44,870 [INFO] [MainThread] [root/bar_manager.py:103]: Starting SystemEventListener...
2026-07-15 08:32:44,870 [INFO] [MainThread] [root/bar_manager.py:103]: Starting KomorebiEventListener...
2026-07-15 08:32:44,871 [INFO] [MainThread] [root/bar_manager.py:103]: Starting WindowsNotificationEventListener...
2026-07-15 08:32:44,871 [INFO] [Dummy-8] [root/event_listener.py:54]: Created named pipe yasb-143cf1d7-7fed-11f1-bbe8-4c1d9627caa3
2026-07-15 08:32:44,873 [INFO] [MainThread] [root/watcher.py:65]: Watching directory: c:\users\admin\.config\yasb
2026-07-15 08:32:44,873 [INFO] [MainThread] [root/watcher.py:104]: Created file watcher
2026-07-15 08:32:45,048 [INFO] [Dummy-8] [root/event_listener.py:147]: Komorebi connected to named pipe: yasb-143cf1d7-7fed-11f1-bbe8-4c1d9627caa3
2026-07-15 08:32:45,155 [ERROR] [SystrayMonitor] [root/app_icons.py:282]: GetIconInfo failed: 0
Windows fatal exception: code 0x800706f7

Thread 0x00001060 [SystrayMonitor] (most recent call first):
  File "D:\a\yasb\yasb\src\core\widgets\services\systray\utils.py", line 145 in start_message_loop
  File "D:\a\yasb\yasb\src\core\widgets\services\systray\systray_monitor.py", line 99 in run
  File "D:\a\yasb\yasb\src\core\widgets\yasb\systray.py", line 65 in run

Thread 0x000005b0 [asyncio_0] (most recent call first):
  File "C:\hostedtoolcache\windows\Python\3.14.6\x64\Lib\threading.py", line 373 in wait
  File "C:\hostedtoolcache\windows\Python\3.14.6\x64\Lib\threading.py", line 670 in wait
  File "C:\hostedtoolcache\windows\Python\3.14.6\x64\Lib\concurrent\futures\thread.py", line 73 in run
  File "C:\hostedtoolcache\windows\Python\3.14.6\x64\Lib\concurrent\futures\thread.py", line 86 in run
  File "C:\hostedtoolcache\windows\Python\3.14.6\x64\Lib\concurrent\futures\thread.py", line 119 in _worker
  File "C:\hostedtoolcache\windows\Python\3.14.6\x64\Lib\threading.py", line 1024 in run
  File "C:\hostedtoolcache\windows\Python\3.14.6\x64\Lib\threading.py", line 1082 in _bootstrap_inner
  File "C:\hostedtoolcache\windows\Python\3.14.6\x64\Lib\threading.py", line 1044 in _bootstrap

Thread 0x00000e8c [Thread-9] (most recent call first):
  File "C:\hostedtoolcache\windows\Python\3.14.6\x64\Lib\threading.py", line 369 in wait
  File "C:\hostedtoolcache\windows\Python\3.14.6\x64\Lib\queue.py", line 199 in get
  File "D:\a\yasb\yasb\venv\Lib\site-packages\watchdog\observers\api.py", line 379 in dispatch_events
  File "D:\a\yasb\yasb\venv\Lib\site-packages\watchdog\observers\api.py", line 213 in run
  File "C:\hostedtoolcache\windows\Python\3.14.6\x64\Lib\threading.py", line 1082 in _bootstrap_inner
  File "C:\hostedtoolcache\windows\Python\3.14.6\x64\Lib\threading.py", line 1044 in _bootstrap

Thread 0x00000bac [Thread-10] (most recent call first):
  File "D:\a\yasb\yasb\venv\Lib\site-packages\watchdog\observers\winapi.py", line 326 in read_directory_changes
  File "D:\a\yasb\yasb\venv\Lib\site-packages\watchdog\observers\winapi.py", line 380 in read_events
  File "D:\a\yasb\yasb\venv\Lib\site-packages\watchdog\observers\read_directory_changes.py", line 67 in _read_events
  File "D:\a\yasb\yasb\venv\Lib\site-packages\watchdog\observers\read_directory_changes.py", line 70 in queue_events
  File "D:\a\yasb\yasb\venv\Lib\site-packages\watchdog\observers\api.py", line 158 in run
  File "C:\hostedtoolcache\windows\Python\3.14.6\x64\Lib\threading.py", line 1082 in _bootstrap_inner
  File "C:\hostedtoolcache\windows\Python\3.14.6\x64\Lib\threading.py", line 1044 in _bootstrap

Thread 0x00000af4 [WindowsNotificationEventListener] (most recent call first):
  File "C:\hostedtoolcache\windows\Python\3.14.6\x64\Lib\asyncio\windows_events.py", line 778 in _poll
  File "C:\hostedtoolcache\windows\Python\3.14.6\x64\Lib\asyncio\windows_events.py", line 446 in select
  File "C:\hostedtoolcache\windows\Python\3.14.6\x64\Lib\asyncio\base_events.py", line 2018 in _run_once
  File "C:\hostedtoolcache\windows\Python\3.14.6\x64\Lib\asyncio\base_events.py", line 677 in run_forever
  File "C:\hostedtoolcache\windows\Python\3.14.6\x64\Lib\asyncio\base_events.py", line 706 in run_until_complete
  File "D:\a\yasb\yasb\src\core\widgets\services\notifications\windows_notification.py", line 101 in run

Thread 0x00000b2c [KomorebiEventListener] (most recent call first):
  File "C:\hostedtoolcache\windows\Python\3.14.6\x64\Lib\threading.py", line 373 in wait
  File "C:\hostedtoolcache\windows\Python\3.14.6\x64\Lib\threading.py", line 670 in wait
  File "D:\a\yasb\yasb\src\core\widgets\services\komorebi\event_listener.py", line 75 in run

Thread 0x00000b00 [SystemEventListener] (most recent call first):
  File "D:\a\yasb\yasb\src\core\utils\win32\event_listener.py", line 69 in run

Thread 0x00000b1c [HotkeyListener] (most recent call first):
  File "D:\a\yasb\yasb\src\core\utils\win32\hotkeys.py", line 252 in run

Thread 0x000012c8 [QueryWorker] (most recent call first):
  File "D:\a\yasb\yasb\src\core\widgets\services\quick_launch\workers.py", line 61 in run

Thread 0x000012d0 [_EventWorker] (most recent call first):
  File "D:\a\yasb\yasb\venv\Lib\site-packages\qasync\_windows.py", line 147 in _poll
  File "D:\a\yasb\yasb\venv\Lib\site-packages\qasync\_windows.py", line 72 in select
  File "D:\a\yasb\yasb\venv\Lib\site-packages\qasync\_windows.py", line 199 in run

Thread 0x000012f8 [LogPipeServer] (most recent call first):
  File "D:\a\yasb\yasb\src\core\utils\win32\bindings\kernel32.py", line 288 in ConnectNamedPipe
  File "D:\a\yasb\yasb\src\core\utils\cli_server.py", line 138 in _run_server
  File "C:\hostedtoolcache\windows\Python\3.14.6\x64\Lib\threading.py", line 1024 in run
  File "C:\hostedtoolcache\windows\Python\3.14.6\x64\Lib\threading.py", line 1082 in _bootstrap_inner
  File "C:\hostedtoolcache\windows\Python\3.14.6\x64\Lib\threading.py", line 1044 in _bootstrap

Thread 0x00001ed4 [CLIPipeServer] (most recent call first):
  File "D:\a\yasb\yasb\src\core\utils\win32\bindings\kernel32.py", line 288 in ConnectNamedPipe
  File "D:\a\yasb\yasb\src\core\utils\cli_server.py", line 235 in _run_server
  File "C:\hostedtoolcache\windows\Python\3.14.6\x64\Lib\threading.py", line 1024 in run
  File "C:\hostedtoolcache\windows\Python\3.14.6\x64\Lib\threading.py", line 1082 in _bootstrap_inner
  File "C:\hostedtoolcache\windows\Python\3.14.6\x64\Lib\threading.py", line 1044 in _bootstrap

Current thread 0x00000518 (most recent call first):
  File "D:\a\yasb\yasb\src\core\widgets\yasb\active_window.py", line 337 in _update_window_title
  File "D:\a\yasb\yasb\src\core\widgets\yasb\active_window.py", line 237 in _on_focus_change_event
  File "D:\a\yasb\yasb\venv\Lib\site-packages\qasync\__init__.py", line 404 in run_forever
  File "D:\a\yasb\yasb\venv\Lib\site-packages\qasync\__init__.py", line 428 in run_until_complete
  File "main.py", line 100 in main
  File "main.py", line 203 in <module>
  File "D:\a\yasb\yasb\venv\Lib\site-packages\freeze_core\initscripts\console.py", line 27 in run
  File "D:\a\yasb\yasb\venv\Lib\site-packages\freeze_core\initscripts\__startup__.py", line 137 in run

Current thread's C stack trace (most recent call first):
  <cannot get C stack on this system>
2026-07-15 08:56:20,659 [ERROR] [Thread-18 (_run_after_command)] [root/wallpaper_manager.py:173]: error: 'wal' is not recognized as an internal or external command,
operable program or batch file.

2026-07-15 09:00:15,629 [INFO] [MainThread] [root/log.py:104]: YASB v2.0.5
2026-07-15 09:00:15,630 [INFO] [CLIPipeServer] [cli_server/cli_server.py:216]: CLI server started v1.1.7
2026-07-15 09:00:15,630 [INFO] [MainThread] [cli_server/cli_server.py:106]: Log pipe server started
2026-07-15 09:00:16,288 [WARNING] [MainThread] [deprecation/deprecation.py:140]: [DEPRECATED] VolumeConfig: 'volume_icons' renamed to 'icons' - Use 'icons' with the dictionary format instead.
2026-07-15 09:00:16,304 [INFO] [MainThread] [root/service.py:52]: AudioOutputService starting...
2026-07-15 09:00:16,492 [INFO] [MainThread] [root/bar_manager.py:229]: Starting HotkeyListener...
2026-07-15 09:00:16,492 [INFO] [MainThread] [root/bar_manager.py:103]: Starting WindowsNotificationEventListener...
2026-07-15 09:00:16,492 [INFO] [MainThread] [root/bar_manager.py:103]: Starting SystemEventListener...
2026-07-15 09:00:16,492 [INFO] [MainThread] [root/bar_manager.py:103]: Starting KomorebiEventListener...
2026-07-15 09:00:16,495 [INFO] [MainThread] [root/watcher.py:65]: Watching directory: c:\users\admin\.config\yasb
2026-07-15 09:00:16,495 [INFO] [MainThread] [root/watcher.py:104]: Created file watcher
2026-07-15 09:00:16,507 [INFO] [Dummy-10] [root/event_listener.py:54]: Created named pipe yasb-ecae6e0f-7ff0-11f1-803c-4c1d9627caa3
2026-07-15 09:00:16,795 [ERROR] [SystrayMonitor] [root/app_icons.py:282]: GetIconInfo failed: 0
2026-07-15 09:00:16,902 [INFO] [Dummy-10] [root/event_listener.py:147]: Komorebi connected to named pipe: yasb-ecae6e0f-7ff0-11f1-803c-4c1d9627caa3
2026-07-15 09:34:01,198 [INFO] [MainThread] [root/service.py:212]: Quick Launch rebuilding app list after install/uninstall detected
2026-07-15 10:01:56,800 [ERROR] [Thread-22 (_run_after_command)] [root/wallpaper_manager.py:173]: error: 'wal' is not recognized as an internal or external command,
operable program or batch file.

2026-07-15 10:02:04,255 [ERROR] [Thread-27 (_run_after_command)] [root/wallpaper_manager.py:173]: error: 'wal' is not recognized as an internal or external command,
operable program or batch file.

2026-07-15 10:19:46,668 [ERROR] [SystrayMonitor] [root/app_icons.py:282]: GetIconInfo failed: 0
2026-07-15 10:19:46,775 [INFO] [MainThread] [root/bar_helper.py:594]: AppBarManager need to re-register 1 bar
2026-07-15 10:19:46,805 [INFO] [MainThread] [root/bar_helper.py:603]: Re-registered AppBar for primary-bar_LI2215sD_1c374361 (space reservation + fullscreen)
2026-07-15 10:21:26,882 [ERROR] [SystrayMonitor] [root/app_icons.py:282]: GetIconInfo failed: 0
2026-07-15 10:21:27,002 [INFO] [MainThread] [root/bar_helper.py:594]: AppBarManager need to re-register 1 bar
2026-07-15 10:21:27,027 [INFO] [MainThread] [root/bar_helper.py:603]: Re-registered AppBar for primary-bar_LI2215sD_1c374361 (space reservation + fullscreen)
2026-07-15 10:27:21,728 [ERROR] [Thread-32 (_run_after_command)] [root/wallpaper_manager.py:173]: error: 'wal' is not recognized as an internal or external command,
operable program or batch file.

2026-07-15 10:27:25,027 [ERROR] [Thread-37 (_run_after_command)] [root/wallpaper_manager.py:173]: error: 'wal' is not recognized as an internal or external command,
operable program or batch file.

2026-07-15 10:27:30,700 [ERROR] [Thread-42 (_run_after_command)] [root/wallpaper_manager.py:173]: error: 'wal' is not recognized as an internal or external command,
operable program or batch file.

2026-07-15 10:48:14,846 [ERROR] [Thread-47 (_run_after_command)] [root/wallpaper_manager.py:173]: error: 'wal' is not recognized as an internal or external command,
operable program or batch file.

Windows fatal exception: code 0x800706f7

Thread 0x000020c4 [asyncio_0] (most recent call first):
  File "C:\hostedtoolcache\windows\Python\3.14.6\x64\Lib\threading.py", line 373 in wait
  File "C:\hostedtoolcache\windows\Python\3.14.6\x64\Lib\threading.py", line 670 in wait
  File "C:\hostedtoolcache\windows\Python\3.14.6\x64\Lib\concurrent\futures\thread.py", line 73 in run
  File "C:\hostedtoolcache\windows\Python\3.14.6\x64\Lib\concurrent\futures\thread.py", line 86 in run
  File "C:\hostedtoolcache\windows\Python\3.14.6\x64\Lib\concurrent\futures\thread.py", line 119 in _worker
  File "C:\hostedtoolcache\windows\Python\3.14.6\x64\Lib\threading.py", line 1024 in run
  File "C:\hostedtoolcache\windows\Python\3.14.6\x64\Lib\threading.py", line 1082 in _bootstrap_inner
  File "C:\hostedtoolcache\windows\Python\3.14.6\x64\Lib\threading.py", line 1044 in _bootstrap

Thread 0x00001ac4 [SystrayMonitor] (most recent call first):
  File "D:\a\yasb\yasb\src\core\widgets\services\systray\utils.py", line 145 in start_message_loop
  File "D:\a\yasb\yasb\src\core\widgets\services\systray\systray_monitor.py", line 99 in run
  File "D:\a\yasb\yasb\src\core\widgets\yasb\systray.py", line 65 in run

Thread 0x00000fb4 [WindowsNotificationEventListener] (most recent call first):
  File "C:\hostedtoolcache\windows\Python\3.14.6\x64\Lib\asyncio\windows_events.py", line 778 in _poll
  File "C:\hostedtoolcache\windows\Python\3.14.6\x64\Lib\asyncio\windows_events.py", line 446 in select
  File "C:\hostedtoolcache\windows\Python\3.14.6\x64\Lib\asyncio\base_events.py", line 2018 in _run_once
  File "C:\hostedtoolcache\windows\Python\3.14.6\x64\Lib\asyncio\base_events.py", line 677 in run_forever
  File "C:\hostedtoolcache\windows\Python\3.14.6\x64\Lib\asyncio\base_events.py", line 706 in run_until_complete
  File "D:\a\yasb\yasb\src\core\widgets\services\notifications\windows_notification.py", line 101 in run

Thread 0x00000318 [Thread-7] (most recent call first):
  File "C:\hostedtoolcache\windows\Python\3.14.6\x64\Lib\threading.py", line 369 in wait
  File "C:\hostedtoolcache\windows\Python\3.14.6\x64\Lib\queue.py", line 199 in get
  File "D:\a\yasb\yasb\venv\Lib\site-packages\watchdog\observers\api.py", line 379 in dispatch_events
  File "D:\a\yasb\yasb\venv\Lib\site-packages\watchdog\observers\api.py", line 213 in run
  File "C:\hostedtoolcache\windows\Python\3.14.6\x64\Lib\threading.py", line 1082 in _bootstrap_inner
  File "C:\hostedtoolcache\windows\Python\3.14.6\x64\Lib\threading.py", line 1044 in _bootstrap

Thread 0x000021ac [KomorebiEventListener] (most recent call first):
  File "C:\hostedtoolcache\windows\Python\3.14.6\x64\Lib\threading.py", line 373 in wait
  File "C:\hostedtoolcache\windows\Python\3.14.6\x64\Lib\threading.py", line 670 in wait
  File "D:\a\yasb\yasb\src\core\widgets\services\komorebi\event_listener.py", line 75 in run

Thread 0x00001880 [SystemEventListener] (most recent call first):
  File "D:\a\yasb\yasb\src\core\utils\win32\event_listener.py", line 69 in run

Thread 0x00000f18 [HotkeyListener] (most recent call first):
  File "D:\a\yasb\yasb\src\core\utils\win32\hotkeys.py", line 252 in run

Thread 0x0000176c [Thread-8] (most recent call first):
  File "D:\a\yasb\yasb\venv\Lib\site-packages\watchdog\observers\winapi.py", line 326 in read_directory_changes
  File "D:\a\yasb\yasb\venv\Lib\site-packages\watchdog\observers\winapi.py", line 380 in read_events
  File "D:\a\yasb\yasb\venv\Lib\site-packages\watchdog\observers\read_directory_changes.py", line 67 in _read_events
  File "D:\a\yasb\yasb\venv\Lib\site-packages\watchdog\observers\read_directory_changes.py", line 70 in queue_events
  File "D:\a\yasb\yasb\venv\Lib\site-packages\watchdog\observers\api.py", line 158 in run
  File "C:\hostedtoolcache\windows\Python\3.14.6\x64\Lib\threading.py", line 1082 in _bootstrap_inner
  File "C:\hostedtoolcache\windows\Python\3.14.6\x64\Lib\threading.py", line 1044 in _bootstrap

Thread 0x000028c0 [QueryWorker] (most recent call first):
  File "D:\a\yasb\yasb\src\core\widgets\services\quick_launch\workers.py", line 61 in run

Thread 0x000028a8 [_EventWorker] (most recent call first):
  File "D:\a\yasb\yasb\venv\Lib\site-packages\qasync\_windows.py", line 147 in _poll
  File "D:\a\yasb\yasb\venv\Lib\site-packages\qasync\_windows.py", line 72 in select
  File "D:\a\yasb\yasb\venv\Lib\site-packages\qasync\_windows.py", line 199 in run

Thread 0x000004cc [LogPipeServer] (most recent call first):
  File "D:\a\yasb\yasb\src\core\utils\win32\bindings\kernel32.py", line 288 in ConnectNamedPipe
  File "D:\a\yasb\yasb\src\core\utils\cli_server.py", line 138 in _run_server
  File "C:\hostedtoolcache\windows\Python\3.14.6\x64\Lib\threading.py", line 1024 in run
  File "C:\hostedtoolcache\windows\Python\3.14.6\x64\Lib\threading.py", line 1082 in _bootstrap_inner
  File "C:\hostedtoolcache\windows\Python\3.14.6\x64\Lib\threading.py", line 1044 in _bootstrap

Thread 0x00000b24 [CLIPipeServer] (most recent call first):
  File "D:\a\yasb\yasb\src\core\utils\win32\bindings\kernel32.py", line 288 in ConnectNamedPipe
  File "D:\a\yasb\yasb\src\core\utils\cli_server.py", line 235 in _run_server
  File "C:\hostedtoolcache\windows\Python\3.14.6\x64\Lib\threading.py", line 1024 in run
  File "C:\hostedtoolcache\windows\Python\3.14.6\x64\Lib\threading.py", line 1082 in _bootstrap_inner
  File "C:\hostedtoolcache\windows\Python\3.14.6\x64\Lib\threading.py", line 1044 in _bootstrap

Current thread 0x00002a8c (most recent call first):
  File "D:\a\yasb\yasb\src\core\widgets\yasb\active_window.py", line 337 in _update_window_title
  File "D:\a\yasb\yasb\src\core\widgets\yasb\active_window.py", line 237 in _on_focus_change_event
  File "D:\a\yasb\yasb\venv\Lib\site-packages\qasync\__init__.py", line 404 in run_forever
  File "D:\a\yasb\yasb\venv\Lib\site-packages\qasync\__init__.py", line 428 in run_until_complete
  File "main.py", line 100 in main
  File "main.py", line 203 in <module>
  File "D:\a\yasb\yasb\venv\Lib\site-packages\freeze_core\initscripts\console.py", line 27 in run
  File "D:\a\yasb\yasb\venv\Lib\site-packages\freeze_core\initscripts\__startup__.py", line 137 in run

Current thread's C stack trace (most recent call first):
  <cannot get C stack on this system>
